Using pre-set license
Built from '2020.3/china_unity/release' branch; Version is '2020.3.0f1c1 (1e553bf703d9) revision 1987899'; Using compiler version '192528614'; Build Type 'Release'
OS: 'Windows 10 Pro; OS build 19042.804; Version 2009; 64bit' Language: 'zh' Physical Memory: 65462 MB
BatchMode: 1, IsHumanControllingUs: 0, StartBugReporterOnCrash: 0, Is64bit: 1, IsPro: 0

 COMMAND LINE ARGUMENTS:
C:\Program Files\Unity\Hub\Editor\2020.3.0f1c1\Editor\Unity.exe
-adb2
-batchMode
-noUpm
-name
AssetImportWorker0
-projectPath
E:/Unity/u3d
-logFile
Logs/AssetImportWorker0.log
-srvPort
51166
Successfully changed project path to: E:/Unity/u3d
E:/Unity/u3d
Using Asset Import Pipeline V2.
Refreshing native plugins compatible for Editor in 42.30 ms, found 0 plugins.
Preloading 0 native plugins for Editor in 0.00 ms.
Initialize engine version: 2020.3.0f1c1 (1e553bf703d9)
[Subsystems] Discovering subsystems at path C:/Program Files/Unity/Hub/Editor/2020.3.0f1c1/Editor/Data/Resources/UnitySubsystems
[Subsystems] Discovering subsystems at path E:/Unity/u3d/Assets
GfxDevice: creating device client; threaded=0
Direct3D:
    Version:  Direct3D 11.0 [level 11.1]
    Renderer: NVIDIA GeForce RTX 2060 (ID=0x1f08)
    Vendor:   
    VRAM:     5980 MB
    Driver:   27.21.14.6140
Initialize mono
Mono path[0] = 'C:/Program Files/Unity/Hub/Editor/2020.3.0f1c1/Editor/Data/Managed'
Mono path[1] = 'C:/Program Files/Unity/Hub/Editor/2020.3.0f1c1/Editor/Data/MonoBleedingEdge/lib/mono/unityjit'
Mono config path = 'C:/Program Files/Unity/Hub/Editor/2020.3.0f1c1/Editor/Data/MonoBleedingEdge/etc'
Using monoOptions --debugger-agent=transport=dt_socket,embedding=1,server=y,suspend=n,address=127.0.0.1:56824
Begin MonoManager ReloadAssembly
Registering precompiled unity dll's ...
Register platform support module: C:/Program Files/Unity/Hub/Editor/2020.3.0f1c1/Editor/Data/PlaybackEngines/WindowsStandaloneSupport/UnityEditor.WindowsStandalone.Extensions.dll
Registered in 0.002640 seconds.
Native extension for WindowsStandalone target not found
Refreshing native plugins compatible for Editor in 44.53 ms, found 0 plugins.
Preloading 0 native plugins for Editor in 0.00 ms.
Invoked RoslynAnalysisRunner static constructor.
RoslynAnalysisRunner will not be running.
RoslynAnalysisRunner has terminated.
Mono: successfully reloaded assembly
- Completed reload, in  2.482 seconds
Platform modules already initialized, skipping
Registering precompiled user dll's ...
Registered in 0.001672 seconds.
Begin MonoManager ReloadAssembly
Native extension for WindowsStandalone target not found
Refreshing native plugins compatible for Editor in 0.53 ms, found 0 plugins.
Preloading 0 native plugins for Editor in 0.00 ms.
Invoked RoslynAnalysisRunner static constructor.
RoslynAnalysisRunner will not be running.
RoslynAnalysisRunner has terminated.
Mono: successfully reloaded assembly
- Completed reload, in  1.320 seconds
Platform modules already initialized, skipping
========================================================================
Worker process is ready to serve import requests
Launched and connected shader compiler UnityShaderCompiler.exe after 0.07 seconds
Refreshing native plugins compatible for Editor in 0.48 ms, found 0 plugins.
Preloading 0 native plugins for Editor in 0.00 ms.
Unloading 1197 Unused Serialized files (Serialized files now loaded: 0)
System memory in use before: 61.6 MB.
System memory in use after: 61.7 MB.

Unloading 12 unused Assets to reduce memory usage. Loaded Objects now: 1644.
Total: 2.384600 ms (FindLiveObjects: 0.298400 ms CreateObjectMapping: 0.072000 ms MarkObjects: 1.912100 ms  DeleteObjects: 0.100400 ms)

========================================================================
Received Import Request.
  path: Assets/models/New Render Texture.renderTexture
  artifactKey: Guid(c8b46ea6d84234349a7dc1ac88c855b2) Importer(815301076,1909f56bfc062723c751e8b465ee728b)
Start importing Assets/models/New Render Texture.renderTexture using Guid(c8b46ea6d84234349a7dc1ac88c855b2) Importer(815301076,1909f56bfc062723c751e8b465ee728b)  -> (artifact id: '2ed391a15b95942d9e67d22541c655e9') in 0.132990 seconds
  Import took 0.135802 seconds .

========================================================================
Received Import Request.
  Time since last request: 5.148345 seconds.
  path: Assets/models/Materials/New Flare.flare
  artifactKey: Guid(dbe9cc2f3dca74d69830aa3df0533e7c) Importer(815301076,1909f56bfc062723c751e8b465ee728b)
Start importing Assets/models/Materials/New Flare.flare using Guid(dbe9cc2f3dca74d69830aa3df0533e7c) Importer(815301076,1909f56bfc062723c751e8b465ee728b)  -> (artifact id: '0eb307cd1d174cfd708613c2e681058e') in 0.005905 seconds
  Import took 0.008997 seconds .

========================================================================
Received Import Request.
  Time since last request: 0.000284 seconds.
  path: Assets/models/Materials/New Render Texture.mat
  artifactKey: Guid(936ff6def8e98426fa0cb9cee5280790) Importer(815301076,1909f56bfc062723c751e8b465ee728b)
Start importing Assets/models/Materials/New Render Texture.mat using Guid(936ff6def8e98426fa0cb9cee5280790) Importer(815301076,1909f56bfc062723c751e8b465ee728b) Error assigning CUBE texture to 2D texture property '_MainTex': Dimensions must match
UnityEngine.StackTraceUtility:ExtractStackTrace ()
UnityEngine.Material:HasProperty (string)
UnityEditor.Utils.PerformanceChecks:CheckMaterial (UnityEngine.Material,UnityEditor.BuildTarget)
UnityEditor.MaterialEditor:PropertiesChanged ()
UnityEditor.MaterialEditor:OnEnable ()
UnityEditor.Editor:CreateEditorWithContext (UnityEngine.Object[],UnityEngine.Object,System.Type)
UnityEditor.Editor:CreateEditor (UnityEngine.Object,System.Type)
UnityEditor.Editor:CreateEditor (UnityEngine.Object)
UnityEditor.AssetPreviewUpdater:CreatePreviewForAsset (UnityEngine.Object,UnityEngine.Object[],string)

[E:\unity\Runtime/Shaders/ShaderImpl/ShaderTextureProperty.h line 41]

 -> (artifact id: '153d7121d97f1b71797c1c903cef5ef7') in 0.095753 seconds
  Import took 0.098388 seconds .

========================================================================
Received Prepare
Refreshing native plugins compatible for Editor in 2.30 ms, found 0 plugins.
Preloading 0 native plugins for Editor in 0.00 ms.
Unloading 5 Unused Serialized files (Serialized files now loaded: 0)
System memory in use before: 40.8 MB.
System memory in use after: 40.9 MB.

Unloading 5 unused Assets to reduce memory usage. Loaded Objects now: 1688.
Total: 3.348700 ms (FindLiveObjects: 0.297100 ms CreateObjectMapping: 0.065100 ms MarkObjects: 2.900700 ms  DeleteObjects: 0.083300 ms)

========================================================================
Received Prepare
Registering precompiled user dll's ...
Registered in 0.002022 seconds.
Begin MonoManager ReloadAssembly
Native extension for WindowsStandalone target not found
Refreshing native plugins compatible for Editor in 0.37 ms, found 0 plugins.
Preloading 0 native plugins for Editor in 0.00 ms.
Invoked RoslynAnalysisRunner static constructor.
RoslynAnalysisRunner will not be running.
RoslynAnalysisRunner has terminated.
Mono: successfully reloaded assembly
- Completed reload, in  1.357 seconds
Platform modules already initialized, skipping
Switching build target platform(5) subTarget(0) extendedPlatform(0) -> platform(13) subTarget(537395200) extendedPlatform(0)
Refreshing native plugins compatible for Editor in 0.36 ms, found 0 plugins.
Preloading 0 native plugins for Editor in 0.00 ms.
Unloading 1181 Unused Serialized files (Serialized files now loaded: 0)
System memory in use before: 64.0 MB.
System memory in use after: 64.1 MB.

Unloading 7 unused Assets to reduce memory usage. Loaded Objects now: 1691.
Total: 2.849500 ms (FindLiveObjects: 0.217000 ms CreateObjectMapping: 0.048400 ms MarkObjects: 2.478800 ms  DeleteObjects: 0.102400 ms)

AssetImportParameters requested are different than current active one (requested -> active):
  custom:graphics/normal-map-encoding: 01000000000000000000000000000000 -> 02000000000000000000000000000000
========================================================================
Received Import Request.
  Time since last request: 1112.808204 seconds.
  path: Assets/Scripts/10022/params interface.cs
  artifactKey: Guid(29c3fe4c6ca484479ac572a72abbcef8) Importer(815301076,1909f56bfc062723c751e8b465ee728b)
Start importing Assets/Scripts/10022/params interface.cs using Guid(29c3fe4c6ca484479ac572a72abbcef8) Importer(815301076,1909f56bfc062723c751e8b465ee728b)  -> (artifact id: 'b9212ee1a0d2f8679a851c264f3db568') in 0.581733 seconds
  Import took 0.585249 seconds .

========================================================================
Received Import Request.
  Time since last request: 21.314676 seconds.
  path: Assets/Scripts/UIFoller.cs
  artifactKey: Guid(76283ae1f46354c9e9aec5213fb8d942) Importer(815301076,1909f56bfc062723c751e8b465ee728b)
Start importing Assets/Scripts/UIFoller.cs using Guid(76283ae1f46354c9e9aec5213fb8d942) Importer(815301076,1909f56bfc062723c751e8b465ee728b)  -> (artifact id: '1c5c13abe0a3dc5881e14ffadcf2fdc4') in 0.003538 seconds
  Import took 0.006859 seconds .

========================================================================
Received Import Request.
  Time since last request: 1.001190 seconds.
  path: Assets/Scripts/ParamsInterface.cs
  artifactKey: Guid(b88641854fed542baacde9b70b60c013) Importer(815301076,1909f56bfc062723c751e8b465ee728b)
Start importing Assets/Scripts/ParamsInterface.cs using Guid(b88641854fed542baacde9b70b60c013) Importer(815301076,1909f56bfc062723c751e8b465ee728b)  -> (artifact id: 'a5bcb3e3f75aba52ba65802777eb642f') in 0.003263 seconds
  Import took 0.006445 seconds .

========================================================================
Received Import Request.
  Time since last request: 18.774581 seconds.
  path: Assets/Scripts/move_around.cs
  artifactKey: Guid(018977e1bebce4c7aa0c44d4a334bf81) Importer(815301076,1909f56bfc062723c751e8b465ee728b)
Start importing Assets/Scripts/move_around.cs using Guid(018977e1bebce4c7aa0c44d4a334bf81) Importer(815301076,1909f56bfc062723c751e8b465ee728b)  -> (artifact id: 'ebb654a6e21a2067f20f1e4de925d497') in 0.003008 seconds
  Import took 0.005825 seconds .

========================================================================
Received Import Request.
  Time since last request: 0.001012 seconds.
  path: Assets/Scripts/move_around.cs
  artifactKey: Guid(018977e1bebce4c7aa0c44d4a334bf81) Importer(815301076,1909f56bfc062723c751e8b465ee728b)
Start importing Assets/Scripts/move_around.cs using Guid(018977e1bebce4c7aa0c44d4a334bf81) Importer(815301076,1909f56bfc062723c751e8b465ee728b)  -> (artifact id: 'ebb654a6e21a2067f20f1e4de925d497') in 0.004274 seconds
  Import took 0.007391 seconds .

========================================================================
Received Import Request.
  Time since last request: 1.592886 seconds.
  path: Assets/Scripts/ImageAlphaRaycast.cs
  artifactKey: Guid(7749976bad0a9450bb3d79cac81bcfe3) Importer(815301076,1909f56bfc062723c751e8b465ee728b)
Start importing Assets/Scripts/ImageAlphaRaycast.cs using Guid(7749976bad0a9450bb3d79cac81bcfe3) Importer(815301076,1909f56bfc062723c751e8b465ee728b)  -> (artifact id: 'a33efd38da95f65a2521625ef44362e0') in 0.003427 seconds
  Import took 0.006696 seconds .

========================================================================
Received Prepare
Registering precompiled user dll's ...
Registered in 0.001920 seconds.
Begin MonoManager ReloadAssembly
Native extension for WindowsStandalone target not found
Refreshing native plugins compatible for Editor in 0.36 ms, found 0 plugins.
Preloading 0 native plugins for Editor in 0.00 ms.
Invoked RoslynAnalysisRunner static constructor.
RoslynAnalysisRunner will not be running.
RoslynAnalysisRunner has terminated.
Mono: successfully reloaded assembly
- Completed reload, in  1.254 seconds
Platform modules already initialized, skipping
Switching build target platform(5) subTarget(0) extendedPlatform(0) -> platform(13) subTarget(537395200) extendedPlatform(0)
Refreshing native plugins compatible for Editor in 0.33 ms, found 0 plugins.
Preloading 0 native plugins for Editor in 0.00 ms.
Unloading 1181 Unused Serialized files (Serialized files now loaded: 0)
System memory in use before: 64.0 MB.
System memory in use after: 64.1 MB.

Unloading 7 unused Assets to reduce memory usage. Loaded Objects now: 1694.
Total: 2.995600 ms (FindLiveObjects: 0.248100 ms CreateObjectMapping: 0.059600 ms MarkObjects: 2.589200 ms  DeleteObjects: 0.096200 ms)

AssetImportParameters requested are different than current active one (requested -> active):
  custom:graphics/normal-map-encoding: 01000000000000000000000000000000 -> 02000000000000000000000000000000
========================================================================
Received Import Request.
  Time since last request: 677.966870 seconds.
  path: Assets/Scripts/move_around.cs
  artifactKey: Guid(018977e1bebce4c7aa0c44d4a334bf81) Importer(815301076,1909f56bfc062723c751e8b465ee728b)
Start importing Assets/Scripts/move_around.cs using Guid(018977e1bebce4c7aa0c44d4a334bf81) Importer(815301076,1909f56bfc062723c751e8b465ee728b)  -> (artifact id: '32cd1c6289ae50ffb3b86d8b51a8a06f') in 0.006008 seconds
  Import took 0.009413 seconds .

========================================================================
Received Prepare
Registering precompiled user dll's ...
Registered in 0.002521 seconds.
Begin MonoManager ReloadAssembly
Native extension for WindowsStandalone target not found
Refreshing native plugins compatible for Editor in 0.34 ms, found 0 plugins.
Preloading 0 native plugins for Editor in 0.00 ms.
Invoked RoslynAnalysisRunner static constructor.
RoslynAnalysisRunner will not be running.
RoslynAnalysisRunner has terminated.
Mono: successfully reloaded assembly
- Completed reload, in  1.418 seconds
Platform modules already initialized, skipping
Switching build target platform(5) subTarget(0) extendedPlatform(0) -> platform(13) subTarget(537395200) extendedPlatform(0)
Refreshing native plugins compatible for Editor in 0.40 ms, found 0 plugins.
Preloading 0 native plugins for Editor in 0.00 ms.
Unloading 1181 Unused Serialized files (Serialized files now loaded: 0)
System memory in use before: 64.0 MB.
System memory in use after: 64.1 MB.

Unloading 7 unused Assets to reduce memory usage. Loaded Objects now: 1697.
Total: 2.333400 ms (FindLiveObjects: 0.235600 ms CreateObjectMapping: 0.047600 ms MarkObjects: 1.969900 ms  DeleteObjects: 0.078700 ms)

AssetImportParameters requested are different than current active one (requested -> active):
  custom:graphics/normal-map-encoding: 01000000000000000000000000000000 -> 02000000000000000000000000000000
========================================================================
Received Prepare
Registering precompiled user dll's ...
Registered in 0.002596 seconds.
Begin MonoManager ReloadAssembly
Native extension for WindowsStandalone target not found
Refreshing native plugins compatible for Editor in 0.73 ms, found 0 plugins.
Preloading 0 native plugins for Editor in 0.00 ms.
Invoked RoslynAnalysisRunner static constructor.
RoslynAnalysisRunner will not be running.
RoslynAnalysisRunner has terminated.
Mono: successfully reloaded assembly
- Completed reload, in  1.420 seconds
Platform modules already initialized, skipping
Switching build target platform(5) subTarget(0) extendedPlatform(0) -> platform(13) subTarget(537395200) extendedPlatform(0)
Refreshing native plugins compatible for Editor in 0.33 ms, found 0 plugins.
Preloading 0 native plugins for Editor in 0.00 ms.
Unloading 1181 Unused Serialized files (Serialized files now loaded: 0)
System memory in use before: 64.0 MB.
System memory in use after: 64.1 MB.

Unloading 7 unused Assets to reduce memory usage. Loaded Objects now: 1700.
Total: 2.442600 ms (FindLiveObjects: 0.324000 ms CreateObjectMapping: 0.070100 ms MarkObjects: 1.967300 ms  DeleteObjects: 0.079300 ms)

AssetImportParameters requested are different than current active one (requested -> active):
  custom:graphics/normal-map-encoding: 01000000000000000000000000000000 -> 02000000000000000000000000000000
========================================================================
Received Prepare
Registering precompiled user dll's ...
Registered in 0.003165 seconds.
Begin MonoManager ReloadAssembly
Native extension for WindowsStandalone target not found
Refreshing native plugins compatible for Editor in 0.34 ms, found 0 plugins.
Preloading 0 native plugins for Editor in 0.00 ms.
Invoked RoslynAnalysisRunner static constructor.
RoslynAnalysisRunner will not be running.
RoslynAnalysisRunner has terminated.
Mono: successfully reloaded assembly
- Completed reload, in  1.227 seconds
Platform modules already initialized, skipping
Switching build target platform(5) subTarget(0) extendedPlatform(0) -> platform(13) subTarget(537395200) extendedPlatform(0)
Refreshing native plugins compatible for Editor in 0.32 ms, found 0 plugins.
Preloading 0 native plugins for Editor in 0.00 ms.
Unloading 1181 Unused Serialized files (Serialized files now loaded: 0)
System memory in use before: 64.0 MB.
System memory in use after: 64.1 MB.

Unloading 7 unused Assets to reduce memory usage. Loaded Objects now: 1703.
Total: 2.141200 ms (FindLiveObjects: 0.199800 ms CreateObjectMapping: 0.048100 ms MarkObjects: 1.822000 ms  DeleteObjects: 0.070100 ms)

AssetImportParameters requested are different than current active one (requested -> active):
  custom:graphics/normal-map-encoding: 01000000000000000000000000000000 -> 02000000000000000000000000000000
AssetImportWorkerClient::OnTransportError - code=2 error=End of file
